<?xml version="1.0" encoding="UTF-8"?>
<testsuite name="ArraysMethodsTest" tests="2" skipped="0" failures="0" errors="0" timestamp="2021-03-10T22:59:26" hostname="LAPTOP-MIS735RQ" time="0.028">
  <properties/>
  <testcase name="testCheckArraysContent()" classname="ArraysMethodsTest" time="0.025"/>
  <testcase name="testElementsAfterFour()" classname="ArraysMethodsTest" time="0.003"/>
  <system-out><![CDATA[]]></system-out>
  <system-err><![CDATA[]]></system-err>
</testsuite>
